<?xml version="1.0" encoding="UTF-8"?>
<!-- Generated by org.testng.reporters.JUnitReportReporter -->
<testsuite hostname="ANIL-PC" failures="0" tests="6" name="api.test.DataDrivenTesting" time="11.845" errors="0" timestamp="2025-08-29T20:51:14 IST" skipped="0">
  <testcase classname="api.test.DataDrivenTesting" name="testPostUser" time="3.735"/>
  <testcase classname="api.test.DataDrivenTesting" name="testPostUser" time="1.546"/>
  <testcase classname="api.test.DataDrivenTesting" name="testPostUser" time="1.598"/>
  <testcase classname="api.test.DataDrivenTesting" name="testDeleteUserByUserName" time="1.869"/>
  <testcase classname="api.test.DataDrivenTesting" name="testDeleteUserByUserName" time="1.643"/>
  <testcase classname="api.test.DataDrivenTesting" name="testDeleteUserByUserName" time="1.454"/>
</testsuite> <!-- api.test.DataDrivenTesting -->
